<?xml version="1.0" encoding="UTF-8"?>
<!-- Generated by org.testng.reporters.JUnitXMLReporter -->
<testsuite ignored="1" hostname="DESKTOP-IPA6QNG" failures="0" tests="10" name="Test" time="0.165" errors="0" timestamp="2023-08-09T11:40:45 IST">
  <testcase classname="com.groupexecution.test1" name="demo1" time="0.018"/>
  <testcase classname="com.groupexecution.test1" name="demo2" time="0.003"/>
  <testcase classname="com.groupexecution.test1" name="demo3" time="0.001"/>
  <testcase classname="com.groupexecution.test2" name="demo1" time="0.004"/>
  <testcase classname="com.groupexecution.test2" name="demo2" time="0.002"/>
  <testcase classname="com.groupexecution.test2" name="demo3" time="0.003"/>
  <testcase classname="com.groupexecution.test3" name="demo1" time="0.002"/>
  <testcase classname="com.groupexecution.test3" name="demo2" time="0.002"/>
  <testcase classname="com.groupexecution.test3" name="demo3" time="0.003"/>
  <testcase classname="com.groupexecution.test4" name="demo1" time="0.003"/>
  <testcase classname="com.groupexecution.test4" name="demo2" time="0.0">
    <ignored/>
  </testcase> <!-- demo2 -->
</testsuite> <!-- Test -->
